1405555600 0 6 6
1405555648 0 5.85 6
1405555805 0 5.85 6
1405556104 0 5.85 6
1405556405 0 5.85 6
1405556705 0 5.85 6
1405557005 0 5.85 6
1405557304 0 5.85 6
1405557604 0 5.85 6
1405557905 0 5.85 6
1405558205 0 5.85 6
1405558505 0 5.85 6
1405558805 0 5.85 6
1405559105 0 5.85 6
1405559404 0 5.85 6
1405559704 0 5.85 6
1405560004 0 5.85 6
1405560225 0 5.85 5.85
1405560304 0 5.85 5.85
1405560604 0 5.85 5.85
1405560905 0 5.85 5.85
1405561204 0 5.85 5.85
1405561504 0 5.85 5.85
1405561804 0 5.85 5.85
1405562104 0 5.85 5.85
1405562405 0 5.85 5.85
1405562705 0 5.85 5.85
1405563005 0 5.85 5.85
1405563305 0 5.85 5.85
1405563605 0 5.85 5.85
1405563905 0 5.85 5.85
1405564205 0 5.85 5.85
1405564505 0 5.85 5.85
1405564805 0 5.85 5.85
1405565104 0 5.85 5.85
1405565405 0 5.85 5.85
1405565705 0 5.85 5.85
