1405555600 0 14 14
1405555648 0.02 14.32 14
1405555805 0.02 14.32 14
1405556104 0.02 14.32 14
1405556405 0.02 14.32 14
1405556705 0.02 14.32 14
1405557005 0.02 14.45 14
1405557304 0.02 14.45 14
1405557604 0.02 14.45 14
1405557905 0.02 14.45 14
1405558205 0.02 14.45 14
1405558505 0.02 14.45 14
1405558805 0.02 14.56 15
1405559105 0.02 14.56 15
1405559404 0.02 14.56 15
1405559704 0.02 14.56 15
1405560004 0.02 14.57 15
1405560225 0.02 14.57 14.59
1405560304 0.02 14.57 14.59
1405560604 0.02 14.57 14.59
1405560905 0.02 14.45 14.47
1405561204 0.02 14.45 14.47
1405561504 0.02 14.45 14.47
1405561804 0.02 14.45 14.47
1405562104 0.02 14.42 14.44
1405562405 0.02 14.42 14.44
1405562705 0.02 14.42 14.44
1405563005 0.02 14.42 14.44
1405563305 0.02 14.42 14.44
1405563605 0.02 14.42 14.44
1405563905 0.02 14.42 14.44
1405564205 0.02 13.65 13.67
1405564505 0.02 13.65 13.67
1405564805 0.02 13.65 13.67
1405565104 0.02 13.65 13.67
1405565405 0.02 13.65 13.67
1405565705 0.02 13.65 13.67
