1405555600 4 3 7
1405555648 3.57 3.03 7
1405555805 3.6 3.03 7
1405556104 3.49 3.06 7
1405556405 3.64 2.88 7
1405556705 3.75 2.86 7
1405557005 3.75 2.85 7
1405557304 3.75 2.86 7
1405557604 3.77 2.86 7
1405557905 3.77 2.86 7
1405558205 3.77 2.83 7
1405558505 3.8 2.87 7
1405558805 3.8 2.84 7
1405559105 3.77 2.83 7
1405559404 3.81 2.81 7
1405559704 3.81 2.75 7
1405560004 3.83 2.75 7
1405560225 3.92 2.75 6.67
1405560304 3.92 2.75 6.67
1405560604 3.87 2.8 6.67
1405560905 3.87 2.83 6.7
1405561204 3.6 3.1 6.7
1405561504 3.6 3.1 6.7
1405561804 3.54 3.01 6.55
1405562104 3.54 3.1 6.64
1405562405 3.53 3.03 6.56
1405562705 3.53 3.12 6.65
1405563005 3.28 3.37 6.65
1405563305 3.19 3.48 6.67
1405563605 3.13 3.46 6.59
1405563905 3.13 3.42 6.55
1405564205 3.19 3.42 6.61
1405564505 3.19 3.19 6.38
1405564805 3.17 3.22 6.39
1405565104 3.17 3.13 6.3
1405565405 3.15 3.15 6.3
1405565705 3.49 3.15 6.64
