1405555600 141938 26537 168475
1405555648 141937.6 26536.99 168475
1405555805 143447.6 24536.99 167985
1405556104 143447.6 23536.99 166985
1405556405 146595.6 23568.99 170165
1405556705 147595.6 25068.99 172665
1405557005 147595.6 25068.99 172665
1405557304 147595.6 25068.99 172665
1405557604 148595.6 24398.99 172995
1405557905 140315.6 24878.99 165195
1405558205 140315.6 24878.99 165195
1405558505 148785.6 25068.99 173855
1405558805 148785.6 25258.99 174045
1405559105 148785.6 25258.99 174045
1405559404 148785.6 25828.99 174615
1405559704 148785.6 25108.99 173895
1405560004 148587.6 26108.99 174697
1405560225 143585.6 26308.99 169894.59
1405560304 143585.6 26308.99 169894.59
1405560604 142085.6 27808.99 169894.59
1405560905 140285.6 26808.99 167094.59
1405561204 139285.6 27408.99 166694.59
1405561504 139285.6 26658.99 165944.59
1405561804 139285.6 26658.99 165944.59
1405562104 139285.6 26658.99 165944.59
1405562405 139285.6 26658.99 165944.59
1405562705 147485.6 26538.99 174024.59
1405563005 147485.6 26538.99 174024.59
1405563305 143485.6 30538.99 174024.59
1405563605 143605.6 30538.99 174144.59
1405563905 138605.6 34038.99 172644.59
1405564205 138605.6 34038.99 172644.59
1405564505 137605.5 34038.99 171644.49
1405564805 135655.5 33838.99 169494.49
1405565104 135655.5 33838.99 169494.49
1405565405 135655.5 33838.99 169494.49
1405565705 132155.6 38538.99 170694.59
