1405555600 4 9 13
1405555648 3.45 8.95 12
1405555805 3.47 8.94 12
1405556104 3.47 8.94 12
1405556405 3.48 8.94 12
1405556705 3.48 8.94 12
1405557005 3.4 9.02 12
1405557304 3.4 9.02 12
1405557604 3.4 9.02 12
1405557905 3.4 9.02 12
1405558205 3.38 9.04 12
1405558505 3.38 9.04 12
1405558805 3.38 9.08 12
1405559105 3.38 8.99 12
1405559404 3.38 9.02 12
1405559704 3.38 9.02 12
1405560004 3.38 9.02 12
1405560225 3.38 9.02 12.4
1405560304 3.38 9.02 12.4
1405560604 2.94 9.46 12.4
1405560905 2.94 9.46 12.4
1405561204 2.94 9.46 12.4
1405561504 2.77 9.62 12.39
1405561804 2.76 9.61 12.37
1405562104 2.76 9.61 12.37
1405562405 2.76 9.61 12.37
1405562705 2.75 9.63 12.38
1405563005 2.75 9.63 12.38
1405563305 2.76 9.66 12.42
1405563605 2.76 9.56 12.32
1405563905 2.75 8.09 10.84
1405564205 4.22 8.09 12.31
1405564505 4.22 8.09 12.31
1405564805 4.22 8.09 12.31
1405565104 4.22 8.09 12.31
1405565405 4.22 8.17 12.39
1405565705 4.22 8.16 12.38
