1405555600 8 7 15
1405555648 7.74 6.61 14
1405555805 7.74 6.61 14
1405556104 7.72 6.52 14
1405556405 7.84 6.51 14
1405556705 7.84 6.5 14
1405557005 7.72 6.62 14
1405557304 7.72 6.62 14
1405557604 7.57 6.54 14
1405557905 7.67 6.54 14
1405558205 7.49 6.74 14
1405558505 7.49 6.74 14
1405558805 7.48 6.75 14
1405559105 7.48 6.75 14
1405559404 7.42 6.81 14
1405559704 7.4 6.82 14
1405560004 7.32 7 14
1405560225 7.32 7 14.32
1405560304 7.32 6.9 14.22
1405560604 7.3 6.91 14.21
1405560905 7.23 6.97 14.2
1405561204 7.08 7.12 14.2
1405561504 7.08 7.12 14.2
1405561804 5.54 8.66 14.2
1405562104 5.54 8.66 14.2
1405562405 5.54 8.66 14.2
1405562705 5.54 8.66 14.2
1405563005 5.54 8.66 14.2
1405563305 5.54 9.46 15
1405563605 5.53 9.47 15
1405563905 5.53 9.23 14.76
1405564205 5.72 9.23 14.95
1405564505 5.72 8.6 14.32
1405564805 5.72 8.62 14.34
1405565104 5.72 8.6 14.32
1405565405 5.69 8.61 14.3
1405565705 5.71 7.35 13.06
