1405555600 0 4 4
1405555648 0.18 4.43 5
1405555805 0.18 4.43 5
1405556104 0.18 4.43 5
1405556405 0.18 4.42 5
1405556705 0.18 4.43 5
1405557005 0.18 4.42 5
1405557304 0.18 4.43 5
1405557604 0.18 4.43 5
1405557905 0.18 4.43 5
1405558205 0.18 4.43 5
1405558505 0.18 4.43 5
1405558805 0.18 4.45 5
1405559105 0.17 4.46 5
1405559404 0.17 4.42 5
1405559704 0.17 4.43 5
1405560004 0.17 4.42 5
1405560225 0.17 4.43 4.6
1405560304 0.17 4.42 4.59
1405560604 0.17 4.42 4.59
1405560905 0.17 4.42 4.59
1405561204 0.17 4.42 4.59
1405561504 0.17 4.42 4.59
1405561804 0.17 4.42 4.59
1405562104 0.17 4.42 4.59
1405562405 0.17 4.42 4.59
1405562705 0.17 4.42 4.59
1405563005 0.17 4.42 4.59
1405563305 0.17 4.42 4.59
1405563605 0.18 4.42 4.6
1405563905 0.17 4.42 4.59
1405564205 0.17 4.42 4.59
1405564505 0.17 4.42 4.59
1405564805 0.17 4.45 4.62
1405565104 0.17 4.51 4.68
1405565405 0.17 4.51 4.68
1405565705 0.17 4.07 4.24
